<?xml version="1.0" encoding="UTF-8"?>
<!-- Generated by org.testng.reporters.JUnitReportReporter -->
<testsuite hostname="DSCHD-PC-CB-122" failures="0" tests="3" name="testNG.First" time="0.010" errors="0" timestamp="2023-02-15T15:53:13 IST" skipped="0">
  <testcase classname="testNG.First" name="secondtestcase" time="0.002"/>
  <system-out/>
  <testcase classname="testNG.First" name="thirdtestcase" time="0.001"/>
  <system-out/>
  <testcase classname="testNG.First" name="firsttestcase" time="0.007"/>
  <system-out/>
</testsuite> <!-- testNG.First -->
